{"/Users/alvinlal/Documents/code/bit-bytes/intro-to-software-testing/todo-app-react/src/App.tsx": {"path":"/Users/alvinlal/Documents/code/bit-bytes/intro-to-software-testing/todo-app-react/src/App.tsx","statementMap":{"0":{"start":{"line":5,"column":2},"end":{"line":8,"column":null}}},"fnMap":{"0":{"name":"App","decl":{"start":{"line":4,"column":9},"end":{"line":4,"column":15}},"loc":{"start":{"line":4,"column":15},"end":{"line":10,"column":null}}}},"branchMap":{},"s":{"0":0},"f":{"0":0},"b":{}}
,"/Users/alvinlal/Documents/code/bit-bytes/intro-to-software-testing/todo-app-react/src/Router.tsx": {"path":"/Users/alvinlal/Documents/code/bit-bytes/intro-to-software-testing/todo-app-react/src/Router.tsx","statementMap":{"0":{"start":{"line":4,"column":15},"end":{"line":12,"column":null}},"1":{"start":{"line":5,"column":2},"end":{"line":10,"column":null}}},"fnMap":{"0":{"name":"(anonymous_0)","decl":{"start":{"line":4,"column":15},"end":{"line":4,"column":21}},"loc":{"start":{"line":4,"column":21},"end":{"line":12,"column":null}}}},"branchMap":{},"s":{"0":0,"1":0},"f":{"0":0},"b":{}}
,"/Users/alvinlal/Documents/code/bit-bytes/intro-to-software-testing/todo-app-react/src/main.tsx": {"path":"/Users/alvinlal/Documents/code/bit-bytes/intro-to-software-testing/todo-app-react/src/main.tsx","statementMap":{"0":{"start":{"line":7,"column":2},"end":{"line":9,"column":null}},"1":{"start":{"line":8,"column":4},"end":{"line":8,"column":null}},"2":{"start":{"line":10,"column":21},"end":{"line":10,"column":null}},"3":{"start":{"line":14,"column":2},"end":{"line":14,"column":null}},"4":{"start":{"line":17,"column":0},"end":{"line":23,"column":null}},"5":{"start":{"line":18,"column":2},"end":{"line":22,"column":null}}},"fnMap":{"0":{"name":"enableMocking","decl":{"start":{"line":6,"column":15},"end":{"line":6,"column":31}},"loc":{"start":{"line":6,"column":31},"end":{"line":15,"column":null}}},"1":{"name":"(anonymous_1)","decl":{"start":{"line":17,"column":21},"end":{"line":17,"column":27}},"loc":{"start":{"line":17,"column":27},"end":{"line":23,"column":1}}}},"branchMap":{"0":{"loc":{"start":{"line":7,"column":2},"end":{"line":9,"column":null}},"type":"if","locations":[{"start":{"line":7,"column":2},"end":{"line":9,"column":null}},{"start":{},"end":{}}]}},"s":{"0":0,"1":0,"2":0,"3":0,"4":0,"5":0},"f":{"0":0,"1":0},"b":{"0":[0,0]}}
,"/Users/alvinlal/Documents/code/bit-bytes/intro-to-software-testing/todo-app-react/src/components/Spinner/Spinner.tsx": {"path":"/Users/alvinlal/Documents/code/bit-bytes/intro-to-software-testing/todo-app-react/src/components/Spinner/Spinner.tsx","statementMap":{"0":{"start":{"line":1,"column":16},"end":{"line":16,"column":null}},"1":{"start":{"line":2,"column":2},"end":{"line":16,"column":null}}},"fnMap":{"0":{"name":"(anonymous_0)","decl":{"start":{"line":1,"column":16},"end":{"line":1,"column":null}},"loc":{"start":{"line":2,"column":2},"end":{"line":16,"column":null}}}},"branchMap":{},"s":{"0":1,"1":9},"f":{"0":9},"b":{}}
,"/Users/alvinlal/Documents/code/bit-bytes/intro-to-software-testing/todo-app-react/src/pages/Todo/Todo.tsx": {"path":"/Users/alvinlal/Documents/code/bit-bytes/intro-to-software-testing/todo-app-react/src/pages/Todo/Todo.tsx","statementMap":{"0":{"start":{"line":6,"column":23},"end":{"line":29,"column":null}},"1":{"start":{"line":7,"column":44},"end":{"line":7,"column":null}},"2":{"start":{"line":8,"column":43},"end":{"line":8,"column":null}},"3":{"start":{"line":9,"column":2},"end":{"line":27,"column":null}},"4":{"start":{"line":18,"column":25},"end":{"line":18,"column":null}}},"fnMap":{"0":{"name":"(anonymous_0)","decl":{"start":{"line":6,"column":23},"end":{"line":6,"column":29}},"loc":{"start":{"line":6,"column":29},"end":{"line":29,"column":null}}},"1":{"name":"(anonymous_1)","decl":{"start":{"line":18,"column":19},"end":{"line":18,"column":25}},"loc":{"start":{"line":18,"column":25},"end":{"line":18,"column":null}}}},"branchMap":{"0":{"loc":{"start":{"line":16,"column":12},"end":{"line":16,"column":null}},"type":"cond-expr","locations":[{"start":{"line":16,"column":28},"end":{"line":16,"column":43}},{"start":{"line":16,"column":43},"end":{"line":16,"column":null}}]},"1":{"loc":{"start":{"line":21,"column":13},"end":{"line":21,"column":null}},"type":"cond-expr","locations":[{"start":{"line":21,"column":29},"end":{"line":21,"column":43}},{"start":{"line":21,"column":43},"end":{"line":21,"column":null}}]},"2":{"loc":{"start":{"line":25,"column":7},"end":{"line":25,"column":null}},"type":"cond-expr","locations":[{"start":{"line":25,"column":23},"end":{"line":25,"column":37}},{"start":{"line":25,"column":37},"end":{"line":25,"column":null}}]},"3":{"loc":{"start":{"line":26,"column":7},"end":{"line":26,"column":null}},"type":"cond-expr","locations":[{"start":{"line":26,"column":15},"end":{"line":26,"column":38}},{"start":{"line":26,"column":38},"end":{"line":26,"column":null}}]}},"s":{"0":0,"1":0,"2":0,"3":0,"4":0},"f":{"0":0,"1":0},"b":{"0":[0,0],"1":[0,0],"2":[0,0],"3":[0,0]}}
,"/Users/alvinlal/Documents/code/bit-bytes/intro-to-software-testing/todo-app-react/src/pages/Todo/components/AddTodo/AddTodo.tsx": {"path":"/Users/alvinlal/Documents/code/bit-bytes/intro-to-software-testing/todo-app-react/src/pages/Todo/components/AddTodo/AddTodo.tsx","statementMap":{"0":{"start":{"line":5,"column":26},"end":{"line":36,"column":null}},"1":{"start":{"line":6,"column":28},"end":{"line":6,"column":null}},"2":{"start":{"line":7,"column":39},"end":{"line":7,"column":null}},"3":{"start":{"line":9,"column":2},"end":{"line":34,"column":null}},"4":{"start":{"line":13,"column":23},"end":{"line":13,"column":null}},"5":{"start":{"line":19,"column":25},"end":{"line":19,"column":null}}},"fnMap":{"0":{"name":"(anonymous_0)","decl":{"start":{"line":5,"column":26},"end":{"line":5,"column":32}},"loc":{"start":{"line":5,"column":32},"end":{"line":36,"column":null}}},"1":{"name":"(anonymous_1)","decl":{"start":{"line":13,"column":18},"end":{"line":13,"column":23}},"loc":{"start":{"line":13,"column":23},"end":{"line":13,"column":null}}},"2":{"name":"(anonymous_2)","decl":{"start":{"line":19,"column":19},"end":{"line":19,"column":25}},"loc":{"start":{"line":19,"column":25},"end":{"line":19,"column":null}}}},"branchMap":{"0":{"loc":{"start":{"line":20,"column":20},"end":{"line":20,"column":null}},"type":"binary-expr","locations":[{"start":{"line":20,"column":20},"end":{"line":20,"column":32}},{"start":{"line":20,"column":32},"end":{"line":20,"column":null}}]},"1":{"loc":{"start":{"line":24,"column":11},"end":{"line":29,"column":null}},"type":"cond-expr","locations":[{"start":{"line":25,"column":12},"end":{"line":27,"column":null}},{"start":{"line":29,"column":12},"end":{"line":29,"column":null}}]},"2":{"loc":{"start":{"line":33,"column":7},"end":{"line":33,"column":null}},"type":"cond-expr","locations":[{"start":{"line":33,"column":38},"end":{"line":33,"column":86}},{"start":{"line":33,"column":86},"end":{"line":33,"column":null}}]},"3":{"loc":{"start":{"line":33,"column":7},"end":{"line":33,"column":38}},"type":"binary-expr","locations":[{"start":{"line":33,"column":7},"end":{"line":33,"column":16}},{"start":{"line":33,"column":16},"end":{"line":33,"column":38}}]}},"s":{"0":1,"1":33,"2":33,"3":33,"4":6,"5":5},"f":{"0":33,"1":6,"2":5},"b":{"0":[33,24],"1":[9,24],"2":[1,32],"3":[33,1]}}
,"/Users/alvinlal/Documents/code/bit-bytes/intro-to-software-testing/todo-app-react/src/pages/Todo/components/AddTodo/tests/AddTodo.component.spec.tsx": {"path":"/Users/alvinlal/Documents/code/bit-bytes/intro-to-software-testing/todo-app-react/src/pages/Todo/components/AddTodo/tests/AddTodo.component.spec.tsx","statementMap":{"0":{"start":{"line":24,"column":0},"end":{"line":158,"column":null}},"1":{"start":{"line":26,"column":19},"end":{"line":29,"column":null}},"2":{"start":{"line":27,"column":21},"end":{"line":27,"column":null}},"3":{"start":{"line":28,"column":4},"end":{"line":28,"column":null}},"4":{"start":{"line":32,"column":2},"end":{"line":136,"column":null}},"5":{"start":{"line":34,"column":4},"end":{"line":61,"column":null}},"6":{"start":{"line":36,"column":6},"end":{"line":36,"column":null}},"7":{"start":{"line":41,"column":23},"end":{"line":41,"column":null}},"8":{"start":{"line":42,"column":21},"end":{"line":42,"column":null}},"9":{"start":{"line":44,"column":6},"end":{"line":44,"column":null}},"10":{"start":{"line":47,"column":6},"end":{"line":47,"column":null}},"11":{"start":{"line":50,"column":6},"end":{"line":50,"column":null}},"12":{"start":{"line":53,"column":6},"end":{"line":53,"column":null}},"13":{"start":{"line":56,"column":6},"end":{"line":56,"column":null}},"14":{"start":{"line":58,"column":6},"end":{"line":60,"column":null}},"15":{"start":{"line":59,"column":8},"end":{"line":59,"column":null}},"16":{"start":{"line":63,"column":4},"end":{"line":83,"column":null}},"17":{"start":{"line":64,"column":6},"end":{"line":64,"column":null}},"18":{"start":{"line":66,"column":24},"end":{"line":66,"column":null}},"19":{"start":{"line":68,"column":6},"end":{"line":68,"column":null}},"20":{"start":{"line":70,"column":6},"end":{"line":70,"column":null}},"21":{"start":{"line":72,"column":6},"end":{"line":72,"column":null}},"22":{"start":{"line":74,"column":6},"end":{"line":74,"column":null}},"23":{"start":{"line":76,"column":6},"end":{"line":76,"column":null}},"24":{"start":{"line":78,"column":6},"end":{"line":78,"column":null}},"25":{"start":{"line":80,"column":6},"end":{"line":82,"column":null}},"26":{"start":{"line":81,"column":8},"end":{"line":81,"column":null}},"27":{"start":{"line":85,"column":4},"end":{"line":105,"column":null}},"28":{"start":{"line":86,"column":6},"end":{"line":86,"column":null}},"29":{"start":{"line":88,"column":24},"end":{"line":88,"column":null}},"30":{"start":{"line":90,"column":6},"end":{"line":90,"column":null}},"31":{"start":{"line":92,"column":6},"end":{"line":92,"column":null}},"32":{"start":{"line":94,"column":6},"end":{"line":94,"column":null}},"33":{"start":{"line":96,"column":6},"end":{"line":96,"column":null}},"34":{"start":{"line":98,"column":6},"end":{"line":100,"column":null}},"35":{"start":{"line":99,"column":8},"end":{"line":99,"column":null}},"36":{"start":{"line":102,"column":6},"end":{"line":104,"column":null}},"37":{"start":{"line":103,"column":8},"end":{"line":103,"column":null}},"38":{"start":{"line":107,"column":4},"end":{"line":117,"column":null}},"39":{"start":{"line":108,"column":6},"end":{"line":108,"column":null}},"40":{"start":{"line":110,"column":24},"end":{"line":110,"column":null}},"41":{"start":{"line":112,"column":6},"end":{"line":112,"column":null}},"42":{"start":{"line":114,"column":6},"end":{"line":114,"column":null}},"43":{"start":{"line":116,"column":6},"end":{"line":116,"column":null}},"44":{"start":{"line":119,"column":4},"end":{"line":135,"column":null}},"45":{"start":{"line":120,"column":6},"end":{"line":120,"column":null}},"46":{"start":{"line":122,"column":24},"end":{"line":122,"column":null}},"47":{"start":{"line":124,"column":6},"end":{"line":124,"column":null}},"48":{"start":{"line":126,"column":6},"end":{"line":126,"column":null}},"49":{"start":{"line":128,"column":6},"end":{"line":128,"column":null}},"50":{"start":{"line":130,"column":6},"end":{"line":134,"column":null}},"51":{"start":{"line":131,"column":8},"end":{"line":133,"column":null}},"52":{"start":{"line":138,"column":2},"end":{"line":157,"column":null}},"53":{"start":{"line":139,"column":4},"end":{"line":142,"column":null}},"54":{"start":{"line":140,"column":29},"end":{"line":140,"column":null}},"55":{"start":{"line":141,"column":6},"end":{"line":141,"column":null}},"56":{"start":{"line":144,"column":4},"end":{"line":156,"column":null}},"57":{"start":{"line":145,"column":29},"end":{"line":145,"column":null}},"58":{"start":{"line":147,"column":24},"end":{"line":147,"column":null}},"59":{"start":{"line":149,"column":6},"end":{"line":149,"column":null}},"60":{"start":{"line":151,"column":6},"end":{"line":151,"column":null}},"61":{"start":{"line":153,"column":6},"end":{"line":153,"column":null}},"62":{"start":{"line":155,"column":6},"end":{"line":155,"column":null}}},"fnMap":{"0":{"name":"(anonymous_0)","decl":{"start":{"line":24,"column":24},"end":{"line":24,"column":30}},"loc":{"start":{"line":24,"column":30},"end":{"line":158,"column":1}}},"1":{"name":"(anonymous_1)","decl":{"start":{"line":26,"column":19},"end":{"line":26,"column":25}},"loc":{"start":{"line":26,"column":25},"end":{"line":29,"column":null}}},"2":{"name":"(anonymous_2)","decl":{"start":{"line":32,"column":46},"end":{"line":32,"column":52}},"loc":{"start":{"line":32,"column":52},"end":{"line":136,"column":3}}},"3":{"name":"(anonymous_3)","decl":{"start":{"line":34,"column":71},"end":{"line":34,"column":83}},"loc":{"start":{"line":34,"column":83},"end":{"line":61,"column":5}}},"4":{"name":"(anonymous_4)","decl":{"start":{"line":58,"column":20},"end":{"line":58,"column":26}},"loc":{"start":{"line":58,"column":26},"end":{"line":60,"column":7}}},"5":{"name":"(anonymous_5)","decl":{"start":{"line":63,"column":61},"end":{"line":63,"column":73}},"loc":{"start":{"line":63,"column":73},"end":{"line":83,"column":5}}},"6":{"name":"(anonymous_6)","decl":{"start":{"line":80,"column":20},"end":{"line":80,"column":26}},"loc":{"start":{"line":80,"column":26},"end":{"line":82,"column":7}}},"7":{"name":"(anonymous_7)","decl":{"start":{"line":85,"column":74},"end":{"line":85,"column":86}},"loc":{"start":{"line":85,"column":86},"end":{"line":105,"column":5}}},"8":{"name":"(anonymous_8)","decl":{"start":{"line":98,"column":20},"end":{"line":98,"column":26}},"loc":{"start":{"line":98,"column":26},"end":{"line":100,"column":7}}},"9":{"name":"(anonymous_9)","decl":{"start":{"line":102,"column":20},"end":{"line":102,"column":26}},"loc":{"start":{"line":102,"column":26},"end":{"line":104,"column":7}}},"10":{"name":"(anonymous_10)","decl":{"start":{"line":107,"column":61},"end":{"line":107,"column":67}},"loc":{"start":{"line":107,"column":67},"end":{"line":117,"column":5}}},"11":{"name":"(anonymous_11)","decl":{"start":{"line":119,"column":66},"end":{"line":119,"column":78}},"loc":{"start":{"line":119,"column":78},"end":{"line":135,"column":5}}},"12":{"name":"(anonymous_12)","decl":{"start":{"line":130,"column":20},"end":{"line":130,"column":26}},"loc":{"start":{"line":130,"column":26},"end":{"line":134,"column":7}}},"13":{"name":"(anonymous_13)","decl":{"start":{"line":138,"column":37},"end":{"line":138,"column":43}},"loc":{"start":{"line":138,"column":43},"end":{"line":157,"column":3}}},"14":{"name":"(anonymous_14)","decl":{"start":{"line":139,"column":35},"end":{"line":139,"column":41}},"loc":{"start":{"line":139,"column":41},"end":{"line":142,"column":5}}},"15":{"name":"(anonymous_15)","decl":{"start":{"line":144,"column":41},"end":{"line":144,"column":47}},"loc":{"start":{"line":144,"column":47},"end":{"line":156,"column":5}}}},"branchMap":{},"s":{"0":1,"1":1,"2":6,"3":6,"4":1,"5":1,"6":1,"7":1,"8":1,"9":1,"10":1,"11":1,"12":1,"13":1,"14":1,"15":2,"16":1,"17":1,"18":1,"19":1,"20":1,"21":1,"22":1,"23":1,"24":1,"25":1,"26":2,"27":1,"28":1,"29":1,"30":1,"31":1,"32":1,"33":1,"34":1,"35":1,"36":1,"37":2,"38":1,"39":1,"40":1,"41":1,"42":1,"43":1,"44":1,"45":1,"46":1,"47":1,"48":1,"49":1,"50":1,"51":2,"52":1,"53":1,"54":1,"55":1,"56":1,"57":1,"58":1,"59":1,"60":1,"61":1,"62":1},"f":{"0":1,"1":6,"2":1,"3":1,"4":2,"5":1,"6":2,"7":1,"8":1,"9":2,"10":1,"11":1,"12":2,"13":1,"14":1,"15":1},"b":{}}
,"/Users/alvinlal/Documents/code/bit-bytes/intro-to-software-testing/todo-app-react/src/pages/Todo/components/TodoItem/TodoItem.tsx": {"path":"/Users/alvinlal/Documents/code/bit-bytes/intro-to-software-testing/todo-app-react/src/pages/Todo/components/TodoItem/TodoItem.tsx","statementMap":{"0":{"start":{"line":8,"column":38},"end":{"line":47,"column":null}},"1":{"start":{"line":9,"column":42},"end":{"line":9,"column":null}},"2":{"start":{"line":11,"column":2},"end":{"line":45,"column":null}},"3":{"start":{"line":30,"column":23},"end":{"line":30,"column":null}},"4":{"start":{"line":39,"column":12},"end":{"line":39,"column":null}}},"fnMap":{"0":{"name":"(anonymous_0)","decl":{"start":{"line":8,"column":38},"end":{"line":8,"column":39}},"loc":{"start":{"line":8,"column":52},"end":{"line":47,"column":null}}},"1":{"name":"(anonymous_1)","decl":{"start":{"line":30,"column":17},"end":{"line":30,"column":23}},"loc":{"start":{"line":30,"column":23},"end":{"line":30,"column":null}}},"2":{"name":"(anonymous_2)","decl":{"start":{"line":38,"column":19},"end":{"line":38,"column":25}},"loc":{"start":{"line":38,"column":25},"end":{"line":40,"column":null}}}},"branchMap":{"0":{"loc":{"start":{"line":16,"column":7},"end":{"line":24,"column":null}},"type":"cond-expr","locations":[{"start":{"line":17,"column":8},"end":{"line":22,"column":null}},{"start":{"line":24,"column":8},"end":{"line":24,"column":null}}]},"1":{"loc":{"start":{"line":34,"column":7},"end":{"line":44,"column":null}},"type":"cond-expr","locations":[{"start":{"line":35,"column":8},"end":{"line":43,"column":null}},{"start":{"line":44,"column":10},"end":{"line":44,"column":null}}]}},"s":{"0":2,"1":12,"2":12,"3":0,"4":0},"f":{"0":12,"1":0,"2":0},"b":{"0":[8,4],"1":[4,8]}}
,"/Users/alvinlal/Documents/code/bit-bytes/intro-to-software-testing/todo-app-react/src/pages/Todo/components/TodoItem/tests/TodoItem.component.spec.tsx": {"path":"/Users/alvinlal/Documents/code/bit-bytes/intro-to-software-testing/todo-app-react/src/pages/Todo/components/TodoItem/tests/TodoItem.component.spec.tsx","statementMap":{"0":{"start":{"line":15,"column":0},"end":{"line":95,"column":null}},"1":{"start":{"line":16,"column":2},"end":{"line":32,"column":null}},"2":{"start":{"line":17,"column":30},"end":{"line":21,"column":null}},"3":{"start":{"line":23,"column":4},"end":{"line":23,"column":null}},"4":{"start":{"line":25,"column":34},"end":{"line":25,"column":null}},"5":{"start":{"line":27,"column":29},"end":{"line":27,"column":null}},"6":{"start":{"line":29,"column":4},"end":{"line":29,"column":null}},"7":{"start":{"line":31,"column":4},"end":{"line":31,"column":null}},"8":{"start":{"line":34,"column":2},"end":{"line":46,"column":null}},"9":{"start":{"line":35,"column":32},"end":{"line":39,"column":null}},"10":{"start":{"line":41,"column":4},"end":{"line":41,"column":null}},"11":{"start":{"line":43,"column":24},"end":{"line":43,"column":null}},"12":{"start":{"line":45,"column":4},"end":{"line":45,"column":null}},"13":{"start":{"line":48,"column":2},"end":{"line":64,"column":null}},"14":{"start":{"line":49,"column":32},"end":{"line":53,"column":null}},"15":{"start":{"line":55,"column":4},"end":{"line":55,"column":null}},"16":{"start":{"line":57,"column":34},"end":{"line":57,"column":null}},"17":{"start":{"line":59,"column":29},"end":{"line":59,"column":null}},"18":{"start":{"line":61,"column":4},"end":{"line":61,"column":null}},"19":{"start":{"line":63,"column":4},"end":{"line":63,"column":null}},"20":{"start":{"line":66,"column":2},"end":{"line":94,"column":null}},"21":{"start":{"line":67,"column":4},"end":{"line":79,"column":null}},"22":{"start":{"line":68,"column":32},"end":{"line":72,"column":null}},"23":{"start":{"line":74,"column":29},"end":{"line":76,"column":null}},"24":{"start":{"line":78,"column":6},"end":{"line":78,"column":null}},"25":{"start":{"line":81,"column":4},"end":{"line":93,"column":null}},"26":{"start":{"line":82,"column":34},"end":{"line":86,"column":null}},"27":{"start":{"line":88,"column":29},"end":{"line":90,"column":null}},"28":{"start":{"line":92,"column":6},"end":{"line":92,"column":null}}},"fnMap":{"0":{"name":"(anonymous_0)","decl":{"start":{"line":15,"column":25},"end":{"line":15,"column":31}},"loc":{"start":{"line":15,"column":31},"end":{"line":95,"column":1}}},"1":{"name":"(anonymous_1)","decl":{"start":{"line":16,"column":82},"end":{"line":16,"column":88}},"loc":{"start":{"line":16,"column":88},"end":{"line":32,"column":3}}},"2":{"name":"(anonymous_2)","decl":{"start":{"line":34,"column":42},"end":{"line":34,"column":48}},"loc":{"start":{"line":34,"column":48},"end":{"line":46,"column":3}}},"3":{"name":"(anonymous_3)","decl":{"start":{"line":48,"column":60},"end":{"line":48,"column":66}},"loc":{"start":{"line":48,"column":66},"end":{"line":64,"column":3}}},"4":{"name":"(anonymous_4)","decl":{"start":{"line":66,"column":36},"end":{"line":66,"column":42}},"loc":{"start":{"line":66,"column":42},"end":{"line":94,"column":3}}},"5":{"name":"(anonymous_5)","decl":{"start":{"line":67,"column":45},"end":{"line":67,"column":51}},"loc":{"start":{"line":67,"column":51},"end":{"line":79,"column":5}}},"6":{"name":"(anonymous_6)","decl":{"start":{"line":81,"column":47},"end":{"line":81,"column":53}},"loc":{"start":{"line":81,"column":53},"end":{"line":93,"column":5}}}},"branchMap":{},"s":{"0":1,"1":1,"2":1,"3":1,"4":1,"5":1,"6":1,"7":1,"8":1,"9":1,"10":1,"11":1,"12":1,"13":1,"14":1,"15":1,"16":1,"17":1,"18":1,"19":1,"20":1,"21":1,"22":1,"23":1,"24":1,"25":1,"26":1,"27":1,"28":1},"f":{"0":1,"1":1,"2":1,"3":1,"4":1,"5":1,"6":1},"b":{}}
,"/Users/alvinlal/Documents/code/bit-bytes/intro-to-software-testing/todo-app-react/src/pages/Todo/components/TodoLists/TodoList.tsx": {"path":"/Users/alvinlal/Documents/code/bit-bytes/intro-to-software-testing/todo-app-react/src/pages/Todo/components/TodoLists/TodoList.tsx","statementMap":{"0":{"start":{"line":10,"column":39},"end":{"line":40,"column":null}},"1":{"start":{"line":11,"column":23},"end":{"line":11,"column":null}},"2":{"start":{"line":11,"column":37},"end":{"line":11,"column":76}},"3":{"start":{"line":11,"column":58},"end":{"line":11,"column":73}},"4":{"start":{"line":13,"column":25},"end":{"line":13,"column":null}},"5":{"start":{"line":13,"column":39},"end":{"line":13,"column":77}},"6":{"start":{"line":13,"column":60},"end":{"line":13,"column":74}},"7":{"start":{"line":15,"column":2},"end":{"line":17,"column":null}},"8":{"start":{"line":16,"column":4},"end":{"line":16,"column":null}},"9":{"start":{"line":18,"column":2},"end":{"line":38,"column":null}},"10":{"start":{"line":25,"column":35},"end":{"line":25,"column":73}},"11":{"start":{"line":35,"column":37},"end":{"line":35,"column":75}}},"fnMap":{"0":{"name":"(anonymous_0)","decl":{"start":{"line":10,"column":39},"end":{"line":10,"column":40}},"loc":{"start":{"line":10,"column":63},"end":{"line":40,"column":null}}},"1":{"name":"(anonymous_1)","decl":{"start":{"line":11,"column":31},"end":{"line":11,"column":37}},"loc":{"start":{"line":11,"column":37},"end":{"line":11,"column":76}}},"2":{"name":"(anonymous_2)","decl":{"start":{"line":11,"column":50},"end":{"line":11,"column":58}},"loc":{"start":{"line":11,"column":58},"end":{"line":11,"column":73}}},"3":{"name":"(anonymous_3)","decl":{"start":{"line":13,"column":33},"end":{"line":13,"column":39}},"loc":{"start":{"line":13,"column":39},"end":{"line":13,"column":77}}},"4":{"name":"(anonymous_4)","decl":{"start":{"line":13,"column":52},"end":{"line":13,"column":60}},"loc":{"start":{"line":13,"column":60},"end":{"line":13,"column":74}}},"5":{"name":"(anonymous_5)","decl":{"start":{"line":25,"column":27},"end":{"line":25,"column":35}},"loc":{"start":{"line":25,"column":35},"end":{"line":25,"column":73}}},"6":{"name":"(anonymous_6)","decl":{"start":{"line":35,"column":29},"end":{"line":35,"column":37}},"loc":{"start":{"line":35,"column":37},"end":{"line":35,"column":75}}}},"branchMap":{"0":{"loc":{"start":{"line":15,"column":2},"end":{"line":17,"column":null}},"type":"if","locations":[{"start":{"line":15,"column":2},"end":{"line":17,"column":null}},{"start":{},"end":{}}]},"1":{"loc":{"start":{"line":22,"column":9},"end":{"line":25,"column":null}},"type":"cond-expr","locations":[{"start":{"line":23,"column":10},"end":{"line":23,"column":null}},{"start":{"line":25,"column":10},"end":{"line":25,"column":null}}]},"2":{"loc":{"start":{"line":32,"column":9},"end":{"line":35,"column":null}},"type":"cond-expr","locations":[{"start":{"line":33,"column":10},"end":{"line":33,"column":null}},{"start":{"line":35,"column":10},"end":{"line":35,"column":null}}]}},"s":{"0":1,"1":5,"2":5,"3":3,"4":5,"5":5,"6":3,"7":5,"8":2,"9":3,"10":0,"11":1},"f":{"0":5,"1":5,"2":3,"3":5,"4":3,"5":0,"6":1},"b":{"0":[2,3],"1":[3,0],"2":[2,1]}}
,"/Users/alvinlal/Documents/code/bit-bytes/intro-to-software-testing/todo-app-react/src/pages/Todo/components/TodoLists/tests/TodoList.component.spec.tsx": {"path":"/Users/alvinlal/Documents/code/bit-bytes/intro-to-software-testing/todo-app-react/src/pages/Todo/components/TodoLists/tests/TodoList.component.spec.tsx","statementMap":{"0":{"start":{"line":15,"column":0},"end":{"line":66,"column":null}},"1":{"start":{"line":16,"column":2},"end":{"line":25,"column":null}},"2":{"start":{"line":17,"column":26},"end":{"line":19,"column":null}},"3":{"start":{"line":20,"column":4},"end":{"line":20,"column":null}},"4":{"start":{"line":22,"column":29},"end":{"line":22,"column":null}},"5":{"start":{"line":24,"column":4},"end":{"line":24,"column":null}},"6":{"start":{"line":27,"column":2},"end":{"line":35,"column":null}},"7":{"start":{"line":28,"column":26},"end":{"line":28,"column":null}},"8":{"start":{"line":30,"column":4},"end":{"line":30,"column":null}},"9":{"start":{"line":32,"column":27},"end":{"line":32,"column":null}},"10":{"start":{"line":34,"column":4},"end":{"line":34,"column":null}},"11":{"start":{"line":37,"column":2},"end":{"line":45,"column":null}},"12":{"start":{"line":38,"column":26},"end":{"line":38,"column":null}},"13":{"start":{"line":40,"column":4},"end":{"line":40,"column":null}},"14":{"start":{"line":42,"column":27},"end":{"line":42,"column":null}},"15":{"start":{"line":44,"column":4},"end":{"line":44,"column":null}},"16":{"start":{"line":47,"column":2},"end":{"line":65,"column":null}},"17":{"start":{"line":48,"column":4},"end":{"line":55,"column":null}},"18":{"start":{"line":49,"column":28},"end":{"line":49,"column":null}},"19":{"start":{"line":50,"column":29},"end":{"line":52,"column":null}},"20":{"start":{"line":54,"column":6},"end":{"line":54,"column":null}},"21":{"start":{"line":57,"column":4},"end":{"line":64,"column":null}},"22":{"start":{"line":58,"column":28},"end":{"line":58,"column":null}},"23":{"start":{"line":59,"column":29},"end":{"line":61,"column":null}},"24":{"start":{"line":63,"column":6},"end":{"line":63,"column":null}}},"fnMap":{"0":{"name":"(anonymous_0)","decl":{"start":{"line":15,"column":25},"end":{"line":15,"column":31}},"loc":{"start":{"line":15,"column":31},"end":{"line":66,"column":1}}},"1":{"name":"(anonymous_1)","decl":{"start":{"line":16,"column":51},"end":{"line":16,"column":57}},"loc":{"start":{"line":16,"column":57},"end":{"line":25,"column":3}}},"2":{"name":"(anonymous_2)","decl":{"start":{"line":27,"column":55},"end":{"line":27,"column":61}},"loc":{"start":{"line":27,"column":61},"end":{"line":35,"column":3}}},"3":{"name":"(anonymous_3)","decl":{"start":{"line":37,"column":57},"end":{"line":37,"column":63}},"loc":{"start":{"line":37,"column":63},"end":{"line":45,"column":3}}},"4":{"name":"(anonymous_4)","decl":{"start":{"line":47,"column":36},"end":{"line":47,"column":42}},"loc":{"start":{"line":47,"column":42},"end":{"line":65,"column":3}}},"5":{"name":"(anonymous_5)","decl":{"start":{"line":48,"column":40},"end":{"line":48,"column":46}},"loc":{"start":{"line":48,"column":46},"end":{"line":55,"column":5}}},"6":{"name":"(anonymous_6)","decl":{"start":{"line":57,"column":40},"end":{"line":57,"column":46}},"loc":{"start":{"line":57,"column":46},"end":{"line":64,"column":5}}}},"branchMap":{},"s":{"0":1,"1":1,"2":1,"3":1,"4":1,"5":1,"6":1,"7":1,"8":1,"9":1,"10":1,"11":1,"12":1,"13":1,"14":1,"15":1,"16":1,"17":1,"18":1,"19":1,"20":1,"21":1,"22":1,"23":1,"24":1},"f":{"0":1,"1":1,"2":1,"3":1,"4":1,"5":1,"6":1},"b":{}}
,"/Users/alvinlal/Documents/code/bit-bytes/intro-to-software-testing/todo-app-react/src/pages/Todo/contexts/TodoContext/TodoContext.tsx": {"path":"/Users/alvinlal/Documents/code/bit-bytes/intro-to-software-testing/todo-app-react/src/pages/Todo/contexts/TodoContext/TodoContext.tsx","statementMap":{"0":{"start":{"line":25,"column":27},"end":{"line":25,"column":null}},"1":{"start":{"line":27,"column":63},"end":{"line":100,"column":null}},"2":{"start":{"line":28,"column":28},"end":{"line":28,"column":null}},"3":{"start":{"line":29,"column":34},"end":{"line":29,"column":null}},"4":{"start":{"line":30,"column":28},"end":{"line":30,"column":null}},"5":{"start":{"line":31,"column":46},"end":{"line":31,"column":null}},"6":{"start":{"line":33,"column":18},"end":{"line":46,"column":null}},"7":{"start":{"line":34,"column":4},"end":{"line":45,"column":null}},"8":{"start":{"line":35,"column":6},"end":{"line":35,"column":null}},"9":{"start":{"line":36,"column":6},"end":{"line":36,"column":null}},"10":{"start":{"line":37,"column":6},"end":{"line":37,"column":null}},"11":{"start":{"line":37,"column":31},"end":{"line":37,"column":54}},"12":{"start":{"line":39,"column":6},"end":{"line":42,"column":null}},"13":{"start":{"line":44,"column":6},"end":{"line":44,"column":null}},"14":{"start":{"line":48,"column":21},"end":{"line":58,"column":null}},"15":{"start":{"line":49,"column":4},"end":{"line":57,"column":null}},"16":{"start":{"line":50,"column":6},"end":{"line":50,"column":null}},"17":{"start":{"line":51,"column":6},"end":{"line":51,"column":null}},"18":{"start":{"line":51,"column":31},"end":{"line":51,"column":74}},"19":{"start":{"line":51,"column":59},"end":{"line":51,"column":73}},"20":{"start":{"line":53,"column":6},"end":{"line":56,"column":null}},"21":{"start":{"line":60,"column":26},"end":{"line":72,"column":null}},"22":{"start":{"line":61,"column":4},"end":{"line":71,"column":null}},"23":{"start":{"line":62,"column":6},"end":{"line":62,"column":null}},"24":{"start":{"line":63,"column":6},"end":{"line":65,"column":null}},"25":{"start":{"line":64,"column":8},"end":{"line":64,"column":null}},"26":{"start":{"line":64,"column":34},"end":{"line":64,"column":87}},"27":{"start":{"line":67,"column":6},"end":{"line":70,"column":null}},"28":{"start":{"line":74,"column":20},"end":{"line":87,"column":null}},"29":{"start":{"line":75,"column":4},"end":{"line":86,"column":null}},"30":{"start":{"line":76,"column":6},"end":{"line":76,"column":null}},"31":{"start":{"line":77,"column":19},"end":{"line":77,"column":null}},"32":{"start":{"line":78,"column":6},"end":{"line":78,"column":null}},"33":{"start":{"line":80,"column":6},"end":{"line":83,"column":null}},"34":{"start":{"line":85,"column":6},"end":{"line":85,"column":null}},"35":{"start":{"line":89,"column":2},"end":{"line":91,"column":null}},"36":{"start":{"line":90,"column":4},"end":{"line":90,"column":null}},"37":{"start":{"line":93,"column":2},"end":{"line":98,"column":null}}},"fnMap":{"0":{"name":"(anonymous_0)","decl":{"start":{"line":27,"column":63},"end":{"line":27,"column":64}},"loc":{"start":{"line":27,"column":81},"end":{"line":100,"column":null}}},"1":{"name":"(anonymous_1)","decl":{"start":{"line":33,"column":30},"end":{"line":33,"column":37}},"loc":{"start":{"line":33,"column":52},"end":{"line":46,"column":5}}},"2":{"name":"(anonymous_2)","decl":{"start":{"line":37,"column":15},"end":{"line":37,"column":31}},"loc":{"start":{"line":37,"column":31},"end":{"line":37,"column":54}}},"3":{"name":"(anonymous_3)","decl":{"start":{"line":48,"column":33},"end":{"line":48,"column":40}},"loc":{"start":{"line":48,"column":55},"end":{"line":58,"column":5}}},"4":{"name":"(anonymous_4)","decl":{"start":{"line":51,"column":15},"end":{"line":51,"column":31}},"loc":{"start":{"line":51,"column":31},"end":{"line":51,"column":74}}},"5":{"name":"(anonymous_5)","decl":{"start":{"line":51,"column":51},"end":{"line":51,"column":59}},"loc":{"start":{"line":51,"column":59},"end":{"line":51,"column":73}}},"6":{"name":"(anonymous_6)","decl":{"start":{"line":60,"column":38},"end":{"line":60,"column":45}},"loc":{"start":{"line":60,"column":60},"end":{"line":72,"column":5}}},"7":{"name":"(anonymous_7)","decl":{"start":{"line":63,"column":15},"end":{"line":63,"column":null}},"loc":{"start":{"line":64,"column":8},"end":{"line":64,"column":null}}},"8":{"name":"(anonymous_8)","decl":{"start":{"line":64,"column":25},"end":{"line":64,"column":34}},"loc":{"start":{"line":64,"column":34},"end":{"line":64,"column":87}}},"9":{"name":"(anonymous_9)","decl":{"start":{"line":74,"column":32},"end":{"line":74,"column":44}},"loc":{"start":{"line":74,"column":44},"end":{"line":87,"column":5}}},"10":{"name":"(anonymous_10)","decl":{"start":{"line":89,"column":12},"end":{"line":89,"column":18}},"loc":{"start":{"line":89,"column":18},"end":{"line":91,"column":5}}}},"branchMap":{"0":{"loc":{"start":{"line":64,"column":34},"end":{"line":64,"column":87}},"type":"cond-expr","locations":[{"start":{"line":64,"column":51},"end":{"line":64,"column":82}},{"start":{"line":64,"column":82},"end":{"line":64,"column":87}}]}},"s":{"0":3,"1":3,"2":47,"3":47,"4":47,"5":47,"6":47,"7":5,"8":5,"9":5,"10":3,"11":3,"12":1,"13":4,"14":47,"15":0,"16":0,"17":0,"18":0,"19":0,"20":0,"21":47,"22":0,"23":0,"24":0,"25":0,"26":0,"27":0,"28":47,"29":17,"30":17,"31":17,"32":17,"33":0,"34":17,"35":47,"36":17,"37":47},"f":{"0":47,"1":5,"2":3,"3":0,"4":0,"5":0,"6":0,"7":0,"8":0,"9":17,"10":17},"b":{"0":[0,0]}}
,"/Users/alvinlal/Documents/code/bit-bytes/intro-to-software-testing/todo-app-react/src/pages/Todo/contexts/TodoContext/TodoProviderWrapper.tsx": {"path":"/Users/alvinlal/Documents/code/bit-bytes/intro-to-software-testing/todo-app-react/src/pages/Todo/contexts/TodoContext/TodoProviderWrapper.tsx","statementMap":{"0":{"start":{"line":3,"column":45},"end":{"line":4,"column":null}},"1":{"start":{"line":4,"column":2},"end":{"line":4,"column":null}}},"fnMap":{"0":{"name":"(anonymous_0)","decl":{"start":{"line":3,"column":45},"end":{"line":3,"column":46}},"loc":{"start":{"line":4,"column":2},"end":{"line":4,"column":null}}}},"branchMap":{},"s":{"0":3,"1":17},"f":{"0":17},"b":{}}
,"/Users/alvinlal/Documents/code/bit-bytes/intro-to-software-testing/todo-app-react/src/pages/Todo/hooks/useTodo.tsx": {"path":"/Users/alvinlal/Documents/code/bit-bytes/intro-to-software-testing/todo-app-react/src/pages/Todo/hooks/useTodo.tsx","statementMap":{"0":{"start":{"line":4,"column":23},"end":{"line":10,"column":null}},"1":{"start":{"line":5,"column":18},"end":{"line":5,"column":null}},"2":{"start":{"line":6,"column":2},"end":{"line":8,"column":null}},"3":{"start":{"line":7,"column":4},"end":{"line":7,"column":null}},"4":{"start":{"line":9,"column":2},"end":{"line":9,"column":null}}},"fnMap":{"0":{"name":"(anonymous_0)","decl":{"start":{"line":4,"column":23},"end":{"line":4,"column":29}},"loc":{"start":{"line":4,"column":29},"end":{"line":10,"column":null}}}},"branchMap":{"0":{"loc":{"start":{"line":6,"column":2},"end":{"line":8,"column":null}},"type":"if","locations":[{"start":{"line":6,"column":2},"end":{"line":8,"column":null}},{"start":{},"end":{}}]}},"s":{"0":3,"1":45,"2":45,"3":0,"4":45},"f":{"0":45},"b":{"0":[0,45]}}
,"/Users/alvinlal/Documents/code/bit-bytes/intro-to-software-testing/todo-app-react/src/services/api/index.ts": {"path":"/Users/alvinlal/Documents/code/bit-bytes/intro-to-software-testing/todo-app-react/src/services/api/index.ts","statementMap":{"0":{"start":{"line":3,"column":21},"end":{"line":3,"column":null}},"1":{"start":{"line":5,"column":20},"end":{"line":5,"column":null}}},"fnMap":{},"branchMap":{},"s":{"0":3,"1":3},"f":{},"b":{}}
,"/Users/alvinlal/Documents/code/bit-bytes/intro-to-software-testing/todo-app-react/src/services/api/todo/todo.ts": {"path":"/Users/alvinlal/Documents/code/bit-bytes/intro-to-software-testing/todo-app-react/src/services/api/todo/todo.ts","statementMap":{"0":{"start":{"line":5,"column":24},"end":{"line":5,"column":null}},"1":{"start":{"line":5,"column":30},"end":{"line":5,"column":null}},"2":{"start":{"line":5,"column":88},"end":{"line":5,"column":96}},"3":{"start":{"line":7,"column":26},"end":{"line":7,"column":null}},"4":{"start":{"line":7,"column":55},"end":{"line":7,"column":null}},"5":{"start":{"line":9,"column":26},"end":{"line":9,"column":null}},"6":{"start":{"line":9,"column":42},"end":{"line":9,"column":null}},"7":{"start":{"line":11,"column":34},"end":{"line":11,"column":null}},"8":{"start":{"line":11,"column":50},"end":{"line":11,"column":null}}},"fnMap":{"0":{"name":"(anonymous_0)","decl":{"start":{"line":5,"column":24},"end":{"line":5,"column":30}},"loc":{"start":{"line":5,"column":30},"end":{"line":5,"column":null}}},"1":{"name":"(anonymous_1)","decl":{"start":{"line":5,"column":81},"end":{"line":5,"column":88}},"loc":{"start":{"line":5,"column":88},"end":{"line":5,"column":96}}},"2":{"name":"(anonymous_2)","decl":{"start":{"line":7,"column":26},"end":{"line":7,"column":27}},"loc":{"start":{"line":7,"column":55},"end":{"line":7,"column":null}}},"3":{"name":"(anonymous_3)","decl":{"start":{"line":9,"column":26},"end":{"line":9,"column":27}},"loc":{"start":{"line":9,"column":42},"end":{"line":9,"column":null}}},"4":{"name":"(anonymous_4)","decl":{"start":{"line":11,"column":34},"end":{"line":11,"column":35}},"loc":{"start":{"line":11,"column":50},"end":{"line":11,"column":null}}}},"branchMap":{},"s":{"0":3,"1":17,"2":17,"3":3,"4":5,"5":3,"6":0,"7":3,"8":0},"f":{"0":17,"1":17,"2":5,"3":0,"4":0},"b":{}}
}
